<?xml version="1.0" encoding="UTF-8"?>
<!-- Generated by org.testng.reporters.JUnitReportReporter -->
<testsuite hostname="LAPTOP-HD2RSVAT" failures="0" tests="4" name="Assessment.SmallCase.Scenerio1" time="12.144" errors="0" timestamp="8 Aug 2020 08:06:59 GMT">
  <testcase classname="Assessment.SmallCase.Scenerio1" name="cart_Screen_of_Flipkart" time="2.822"/>
  <testcase classname="Assessment.SmallCase.Scenerio1" name="add_Item_to_Cart_fk" time="5.572"/>
  <testcase classname="Assessment.SmallCase.Scenerio1" name="groups_Of_products_Screen_flipkart" time="3.149"/>
  <testcase classname="Assessment.SmallCase.Scenerio1" name="search_Product_from_Flipkart" time="0.601"/>
</testsuite> <!-- Assessment.SmallCase.Scenerio1 -->
