<?xml version="1.0" encoding="UTF-8"?>
<!-- Generated by org.testng.reporters.JUnitReportReporter -->
<testsuite hostname="LAPTOP-HD2RSVAT" failures="0" tests="6" name="Assessment.SmallCase.Scenerio2" time="13.738" errors="0" timestamp="5 Aug 2020 18:26:50 GMT">
  <testcase classname="Assessment.SmallCase.Scenerio2" name="product_Comparison" time="0.001"/>
  <testcase classname="Assessment.SmallCase.Scenerio2" name="amazon_Search" time="5.740"/>
  <testcase classname="Assessment.SmallCase.Scenerio2" name="groups_Of_products_Screen_of_Amazon" time="0.723"/>
  <testcase classname="Assessment.SmallCase.Scenerio2" name="obtained_Product_screen" time="5.095"/>
  <testcase classname="Assessment.SmallCase.Scenerio2" name="cart_Screen_amazon" time="0.441"/>
  <testcase classname="Assessment.SmallCase.Scenerio2" name="cart_Screen_of_Flipkart" time="1.738"/>
</testsuite> <!-- Assessment.SmallCase.Scenerio2 -->
